<?xml version="1.0" encoding="UTF-8"?>
<robot generator="Robot 3.2.1 (Python 3.7.2 on win32)" generated="20200905 18:40:49.354" rpa="false">
<suite id="s1" name="Smoke" source="C:\Python37Projects\login-typeform\Test\smoke.robot">
<test id="s1-t1" name="User should be able to login">
<kw name="Begin Web Test" library="LoginPageObject" type="setup">
<kw name="Open Browser" library="SeleniumLibrary">
<doc>Opens a new browser instance to the given ``url``.</doc>
<arguments>
<arg>${URL}</arg>
<arg>${BROWSER}</arg>
</arguments>
<msg timestamp="20200905 18:40:49.646" level="INFO">Opening browser 'Chrome' to base url 'https://admin.typeform.com/login/'.</msg>
<status status="PASS" starttime="20200905 18:40:49.645" endtime="20200905 18:40:55.583"></status>
</kw>
<kw name="Maximize Browser Window" library="SeleniumLibrary">
<doc>Maximizes current browser window.</doc>
<status status="PASS" starttime="20200905 18:40:55.584" endtime="20200905 18:40:57.715"></status>
</kw>
<status status="PASS" starttime="20200905 18:40:49.645" endtime="20200905 18:40:57.715"></status>
</kw>
<kw name="Given User is in loginpage" library="LoginPageObject">
<kw name="Wait Until Element Is Visible" library="SeleniumLibrary">
<doc>Waits until element ``locator`` is visible.</doc>
<arguments>
<arg>${LoginTypeButton}</arg>
<arg>timeout=5</arg>
</arguments>
<status status="PASS" starttime="20200905 18:40:57.716" endtime="20200905 18:40:57.742"></status>
</kw>
<kw name="Get Text" library="SeleniumLibrary">
<doc>Returns the text value of element identified by ``locator``.</doc>
<arguments>
<arg>${LoginTypeButtonTxt}</arg>
</arguments>
<assign>
<var>${loginbtntext}</var>
</assign>
<msg timestamp="20200905 18:40:57.766" level="INFO">${loginbtntext} = Log in to Typeform</msg>
<status status="PASS" starttime="20200905 18:40:57.742" endtime="20200905 18:40:57.766"></status>
</kw>
<kw name="Should Be Equal" library="BuiltIn">
<doc>Fails if the given objects are unequal.</doc>
<arguments>
<arg>${loginbtntext}</arg>
<arg>Log in to Typeform</arg>
</arguments>
<status status="PASS" starttime="20200905 18:40:57.766" endtime="20200905 18:40:57.767"></status>
</kw>
<status status="PASS" starttime="20200905 18:40:57.716" endtime="20200905 18:40:57.767"></status>
</kw>
<kw name="And user sees title as Hello, who’s this?" library="LoginPageObject">
<kw name="Wait Until Element Is Visible" library="SeleniumLibrary">
<doc>Waits until element ``locator`` is visible.</doc>
<arguments>
<arg>${LoginTitle}</arg>
<arg>timeout=5</arg>
</arguments>
<status status="PASS" starttime="20200905 18:40:57.768" endtime="20200905 18:40:57.796"></status>
</kw>
<kw name="Get Text" library="SeleniumLibrary">
<doc>Returns the text value of element identified by ``locator``.</doc>
<arguments>
<arg>${LoginTitle}</arg>
</arguments>
<assign>
<var>${titletext}</var>
</assign>
<msg timestamp="20200905 18:40:57.816" level="INFO">${titletext} = Hello, who’s this?</msg>
<status status="PASS" starttime="20200905 18:40:57.796" endtime="20200905 18:40:57.816"></status>
</kw>
<kw name="Should Be Equal" library="BuiltIn">
<doc>Fails if the given objects are unequal.</doc>
<arguments>
<arg>${titletext}</arg>
<arg>Hello, who’s this?</arg>
</arguments>
<status status="PASS" starttime="20200905 18:40:57.817" endtime="20200905 18:40:57.817"></status>
</kw>
<status status="PASS" starttime="20200905 18:40:57.767" endtime="20200905 18:40:57.817"></status>
</kw>
<kw name="And user sees “email input” area" library="LoginPageObject">
<kw name="Wait Until Element Is Visible" library="SeleniumLibrary">
<doc>Waits until element ``locator`` is visible.</doc>
<arguments>
<arg>${emailinputfield}</arg>
</arguments>
<status status="PASS" starttime="20200905 18:40:57.818" endtime="20200905 18:40:57.840"></status>
</kw>
<status status="PASS" starttime="20200905 18:40:57.818" endtime="20200905 18:40:57.840"></status>
</kw>
<kw name="And user sees email input’s placeholder as bruce@wayne.com" library="LoginPageObject">
<kw name="Get Element Attribute" library="SeleniumLibrary">
<doc>Returns value of ``attribute`` from element ``locator``.</doc>
<arguments>
<arg>${emailinputfield}</arg>
<arg>placeholder</arg>
</arguments>
<assign>
<var>${emailplaceholder}</var>
</assign>
<msg timestamp="20200905 18:40:57.856" level="INFO">${emailplaceholder} = bruce@wayne.com</msg>
<status status="PASS" starttime="20200905 18:40:57.841" endtime="20200905 18:40:57.856"></status>
</kw>
<kw name="Should Be Equal" library="BuiltIn">
<doc>Fails if the given objects are unequal.</doc>
<arguments>
<arg>${emailplaceholder}</arg>
<arg>bruce@wayne.com</arg>
</arguments>
<status status="PASS" starttime="20200905 18:40:57.856" endtime="20200905 18:40:57.856"></status>
</kw>
<status status="PASS" starttime="20200905 18:40:57.841" endtime="20200905 18:40:57.857"></status>
</kw>
<kw name="And user sees “password input” area" library="LoginPageObject">
<kw name="Wait Until Element Is Visible" library="SeleniumLibrary">
<doc>Waits until element ``locator`` is visible.</doc>
<arguments>
<arg>${PasswordInputfield}</arg>
</arguments>
<status status="PASS" starttime="20200905 18:40:57.857" endtime="20200905 18:40:57.882"></status>
</kw>
<status status="PASS" starttime="20200905 18:40:57.857" endtime="20200905 18:40:57.882"></status>
</kw>
<kw name="And user sees email password’s placeholder as At least 8 characters" library="LoginPageObject">
<kw name="Get Element Attribute" library="SeleniumLibrary">
<doc>Returns value of ``attribute`` from element ``locator``.</doc>
<arguments>
<arg>${PasswordInputfield}</arg>
<arg>placeholder</arg>
</arguments>
<assign>
<var>${passswordplaceholder}</var>
</assign>
<msg timestamp="20200905 18:40:57.898" level="INFO">${passswordplaceholder} = At least 8 characters</msg>
<status status="PASS" starttime="20200905 18:40:57.883" endtime="20200905 18:40:57.898"></status>
</kw>
<kw name="Should Be Equal" library="BuiltIn">
<doc>Fails if the given objects are unequal.</doc>
<arguments>
<arg>${passswordplaceholder}</arg>
<arg>At least 8 characters</arg>
</arguments>
<status status="PASS" starttime="20200905 18:40:57.898" endtime="20200905 18:40:57.898"></status>
</kw>
<status status="PASS" starttime="20200905 18:40:57.883" endtime="20200905 18:40:57.899"></status>
</kw>
<kw name="And user enters their’s correct email" library="LoginPageObject">
<kw name="Input Text" library="SeleniumLibrary">
<doc>Types the given ``text`` into text field identified by ``locator``.</doc>
<arguments>
<arg>${emailinputfield}</arg>
<arg>${mail}</arg>
</arguments>
<msg timestamp="20200905 18:40:57.899" level="INFO">Typing text 'd.gulberk@hotmail.com' into text field '//*[@id="email"]'.</msg>
<status status="PASS" starttime="20200905 18:40:57.899" endtime="20200905 18:40:58.010"></status>
</kw>
<status status="PASS" starttime="20200905 18:40:57.899" endtime="20200905 18:40:58.010"></status>
</kw>
<kw name="And user enters their’s correct password" library="LoginPageObject">
<kw name="Input Text" library="SeleniumLibrary">
<doc>Types the given ``text`` into text field identified by ``locator``.</doc>
<arguments>
<arg>${PasswordInputfield}</arg>
<arg>${password}</arg>
</arguments>
<msg timestamp="20200905 18:40:58.012" level="INFO">Typing text 'Test1234**' into text field '//*[@id="password"]'.</msg>
<status status="PASS" starttime="20200905 18:40:58.012" endtime="20200905 18:40:58.116"></status>
</kw>
<status status="PASS" starttime="20200905 18:40:58.011" endtime="20200905 18:40:58.117"></status>
</kw>
<kw name="When user clicks on “Log in to Typeform” button" library="LoginPageObject">
<kw name="Click Element" library="SeleniumLibrary">
<doc>Click element identified by ``locator``.</doc>
<arguments>
<arg>${LoginTypeButton}</arg>
</arguments>
<msg timestamp="20200905 18:40:58.118" level="INFO">Clicking element '//*[@id="btnlogin"]'.</msg>
<status status="PASS" starttime="20200905 18:40:58.118" endtime="20200905 18:40:58.222"></status>
</kw>
<status status="PASS" starttime="20200905 18:40:58.118" endtime="20200905 18:40:58.222"></status>
</kw>
<kw name="Then User should be able to see CAPTCHA" library="LoginPageObject">
<kw name="Log" library="BuiltIn">
<doc>Logs the given message with the given level.</doc>
<arguments>
<arg>Waiting for CAPTCHA</arg>
</arguments>
<msg timestamp="20200905 18:40:58.224" level="INFO">Waiting for CAPTCHA</msg>
<status status="PASS" starttime="20200905 18:40:58.224" endtime="20200905 18:40:58.225"></status>
</kw>
<kw name="Execute Manual Step" library="Dialogs">
<doc>Pauses test execution until user sets the keyword status.</doc>
<arguments>
<arg>Please complete the CAPTCHA portion of the form.</arg>
</arguments>
<status status="PASS" starttime="20200905 18:40:58.225" endtime="20200905 18:41:38.528"></status>
</kw>
<status status="PASS" starttime="20200905 18:40:58.224" endtime="20200905 18:41:38.528"></status>
</kw>
<kw name="End Web Test" library="LoginPageObject" type="teardown">
<kw name="Close Browser" library="SeleniumLibrary">
<doc>Closes the current browser.</doc>
<status status="PASS" starttime="20200905 18:41:38.530" endtime="20200905 18:41:40.584"></status>
</kw>
<status status="PASS" starttime="20200905 18:41:38.529" endtime="20200905 18:41:40.585"></status>
</kw>
<status status="PASS" starttime="20200905 18:40:49.644" endtime="20200905 18:41:40.586" critical="yes"></status>
</test>
<status status="PASS" starttime="20200905 18:40:49.356" endtime="20200905 18:41:40.593"></status>
</suite>
<statistics>
<total>
<stat pass="1" fail="0">Critical Tests</stat>
<stat pass="1" fail="0">All Tests</stat>
</total>
<tag>
</tag>
<suite>
<stat pass="1" fail="0" id="s1" name="Smoke">Smoke</stat>
</suite>
</statistics>
<errors>
</errors>
</robot>
